2019-08-23 00:21:07 [scrapy.utils.log] INFO: Scrapy 1.7.3 started (bot: scrapy_spider)
2019-08-23 00:21:07 [scrapy.utils.log] INFO: Versions: lxml 4.4.1.0, libxml2 2.9.5, cssselect 1.1.0, parsel 1.5.2, w3lib 1.21.0, Twisted 19.7.0, Python 3.6.8 |Anaconda, Inc.| (default, Feb 21 2019, 18:30:04) [MSC v.1916 64 bit (AMD64)], pyOpenSSL 19.0.0 (OpenSSL 1.1.1c  28 May 2019), cryptography 2.7, Platform Windows-10-10.0.18362-SP0
2019-08-23 00:21:07 [scrapy.crawler] INFO: Overridden settings: {'BOT_NAME': 'scrapy_spider', 'LOG_FILE': 'logs\\scrapy_spider\\qq\\d707fc9ec4f811e994e2005056c00008.log', 'NEWSPIDER_MODULE': 'scrapy_spider.spiders', 'SPIDER_MODULES': ['scrapy_spider.spiders']}
2019-08-23 00:21:07 [scrapy.extensions.telnet] INFO: Telnet Password: 174e4610bd3376fc
2019-08-23 00:21:07 [scrapy.middleware] INFO: Enabled extensions:
['scrapy.extensions.corestats.CoreStats',
 'scrapy.extensions.telnet.TelnetConsole',
 'scrapy.extensions.logstats.LogStats']
2019-08-23 00:21:07 [scrapy.middleware] INFO: Enabled downloader middlewares:
['scrapy.downloadermiddlewares.httpauth.HttpAuthMiddleware',
 'scrapy.downloadermiddlewares.downloadtimeout.DownloadTimeoutMiddleware',
 'scrapy.downloadermiddlewares.defaultheaders.DefaultHeadersMiddleware',
 'scrapy.downloadermiddlewares.useragent.UserAgentMiddleware',
 'scrapy.downloadermiddlewares.retry.RetryMiddleware',
 'scrapy.downloadermiddlewares.redirect.MetaRefreshMiddleware',
 'scrapy.downloadermiddlewares.httpcompression.HttpCompressionMiddleware',
 'scrapy.downloadermiddlewares.redirect.RedirectMiddleware',
 'scrapy.downloadermiddlewares.cookies.CookiesMiddleware',
 'scrapy.downloadermiddlewares.httpproxy.HttpProxyMiddleware',
 'scrapy.downloadermiddlewares.stats.DownloaderStats']
2019-08-23 00:21:07 [scrapy.middleware] INFO: Enabled spider middlewares:
['scrapy.spidermiddlewares.httperror.HttpErrorMiddleware',
 'scrapy.spidermiddlewares.offsite.OffsiteMiddleware',
 'scrapy.spidermiddlewares.referer.RefererMiddleware',
 'scrapy.spidermiddlewares.urllength.UrlLengthMiddleware',
 'scrapy.spidermiddlewares.depth.DepthMiddleware']
2019-08-23 00:21:07 [scrapy.middleware] INFO: Enabled item pipelines:
['scrapy_spider.pipelines.TestbotPipeline']
2019-08-23 00:21:07 [scrapy.core.engine] INFO: Spider opened
2019-08-23 00:21:07 [scrapy.extensions.logstats] INFO: Crawled 0 pages (at 0 pages/min), scraped 0 items (at 0 items/min)
2019-08-23 00:21:07 [scrapy.extensions.telnet] INFO: Telnet console listening on 127.0.0.1:6023
2019-08-23 00:21:07 [scrapy.core.engine] DEBUG: Crawled (200) <GET https://pacaio.match.qq.com/irs/rcd?cid=137&token=d0f13d594edfc180f5bf6b845456f3ea&ext=top&page=0> (referer: None)
2019-08-23 00:21:07 [scrapy.core.scraper] DEBUG: Scraped from <200 https://pacaio.match.qq.com/irs/rcd?cid=137&token=d0f13d594edfc180f5bf6b845456f3ea&ext=top&page=0>
{'label': '腾讯新闻',
 'name': '香港市民怒怼堵地铁闸门废青：啃老仔 我们不上班你吃什么？',
 'url': 'https://new.qq.com/omn/20190822/20190822V0QZRS00.html'}
2019-08-23 00:21:07 [scrapy.core.scraper] DEBUG: Scraped from <200 https://pacaio.match.qq.com/irs/rcd?cid=137&token=d0f13d594edfc180f5bf6b845456f3ea&ext=top&page=0>
{'label': '腾讯新闻',
 'name': '国家防总：11号台风“白鹿”将登陆我国沿海 可能发生秋汛',
 'url': 'https://new.qq.com/omn/20190822/20190822A0DKZH00.html'}
2019-08-23 00:21:07 [scrapy.core.scraper] DEBUG: Scraped from <200 https://pacaio.match.qq.com/irs/rcd?cid=137&token=d0f13d594edfc180f5bf6b845456f3ea&ext=top&page=0>
{'label': '腾讯新闻',
 'name': '美债收益率再次倒挂！美股全线转跌，道指抹去近200点涨幅',
 'url': 'https://new.qq.com/zt/template/?id=STO2019071100811600'}
2019-08-23 00:21:07 [scrapy.core.scraper] DEBUG: Scraped from <200 https://pacaio.match.qq.com/irs/rcd?cid=137&token=d0f13d594edfc180f5bf6b845456f3ea&ext=top&page=0>
{'label': '腾讯新闻',
 'name': '亚马逊雨林大火连烧3周没人管？巴西总统：是NGO故意纵火',
 'url': 'https://new.qq.com/omn/20190822/20190822V0MN8D00.html'}
2019-08-23 00:21:07 [scrapy.core.scraper] DEBUG: Scraped from <200 https://pacaio.match.qq.com/irs/rcd?cid=137&token=d0f13d594edfc180f5bf6b845456f3ea&ext=top&page=0>
{'label': '腾讯新闻',
 'name': '学校不允学生烫发 学生自然卷被要求到医院开证明',
 'url': 'https://new.qq.com/omn/20190822/20190822V0MB2900.html'}
2019-08-23 00:21:07 [scrapy.core.scraper] DEBUG: Scraped from <200 https://pacaio.match.qq.com/irs/rcd?cid=137&token=d0f13d594edfc180f5bf6b845456f3ea&ext=top&page=0>
{'label': '腾讯新闻',
 'name': '创业故事 | “36岁，被单位解聘，我干起了深夜外卖”',
 'url': 'https://new.qq.com/omn/20190821/20190821A07PGS00.html'}
2019-08-23 00:21:07 [scrapy.core.scraper] DEBUG: Scraped from <200 https://pacaio.match.qq.com/irs/rcd?cid=137&token=d0f13d594edfc180f5bf6b845456f3ea&ext=top&page=0>
{'label': '腾讯新闻',
 'name': '12岁少女失踪十余日村中废井现疑似女尸 警方：正在侦办',
 'url': 'https://new.qq.com/omn/20190822/20190822A0Q4KH00.html'}
2019-08-23 00:21:07 [scrapy.core.scraper] DEBUG: Scraped from <200 https://pacaio.match.qq.com/irs/rcd?cid=137&token=d0f13d594edfc180f5bf6b845456f3ea&ext=top&page=0>
{'label': '腾讯新闻',
 'name': '监拍：女孩被撞卷入货车底 10秒后奇迹般淡定爬出',
 'url': 'https://new.qq.com/omn/20190822/20190822V0Q6ZN00.html'}
2019-08-23 00:21:07 [scrapy.core.scraper] DEBUG: Scraped from <200 https://pacaio.match.qq.com/irs/rcd?cid=137&token=d0f13d594edfc180f5bf6b845456f3ea&ext=top&page=0>
{'label': '腾讯新闻',
 'name': '莆田系医美“隆胸夺命术”：麻醉师多手术在线、病志被指造假',
 'url': 'https://new.qq.com/omn/FIN20190/FIN2019082200816200.html'}
2019-08-23 00:21:07 [scrapy.core.scraper] DEBUG: Scraped from <200 https://pacaio.match.qq.com/irs/rcd?cid=137&token=d0f13d594edfc180f5bf6b845456f3ea&ext=top&page=0>
{'label': '腾讯新闻',
 'name': '英国驻港领馆港籍雇员被拘原因曝光：因嫖娼在深圳被拘留',
 'url': 'https://new.qq.com/omn/20190822/20190822A0I9OH00.html'}
2019-08-23 00:21:07 [scrapy.core.engine] DEBUG: Crawled (200) <GET https://pacaio.match.qq.com/irs/rcd?cid=137&token=d0f13d594edfc180f5bf6b845456f3ea&ext=top&page=1> (referer: https://pacaio.match.qq.com/irs/rcd?cid=137&token=d0f13d594edfc180f5bf6b845456f3ea&ext=top&page=0)
2019-08-23 00:21:07 [scrapy.core.scraper] DEBUG: Scraped from <200 https://pacaio.match.qq.com/irs/rcd?cid=137&token=d0f13d594edfc180f5bf6b845456f3ea&ext=top&page=1>
{'label': '腾讯新闻',
 'name': '传4G网速降了？工信部回应：从未、将来也不会要求运营商降速',
 'url': 'https://new.qq.com/zt/template/?id=TEC2019081900849300'}
2019-08-23 00:21:07 [scrapy.core.scraper] DEBUG: Scraped from <200 https://pacaio.match.qq.com/irs/rcd?cid=137&token=d0f13d594edfc180f5bf6b845456f3ea&ext=top&page=1>
{'label': '腾讯新闻',
 'name': '泰国旅游大巴出车祸侧翻司机当场身亡 车内载19名中国游客',
 'url': 'https://new.qq.com/omn/20190822/20190822V0Q0MW00.html'}
2019-08-23 00:21:07 [scrapy.core.scraper] DEBUG: Scraped from <200 https://pacaio.match.qq.com/irs/rcd?cid=137&token=d0f13d594edfc180f5bf6b845456f3ea&ext=top&page=1>
{'label': '腾讯新闻',
 'name': '12名前校领导举报数亿元校产被侵占，北京人文大学再陷舆论漩涡',
 'url': 'https://new.qq.com/omn/20190822/20190822A0CF9N00.html'}
2019-08-23 00:21:07 [scrapy.core.scraper] DEBUG: Scraped from <200 https://pacaio.match.qq.com/irs/rcd?cid=137&token=d0f13d594edfc180f5bf6b845456f3ea&ext=top&page=1>
{'label': '腾讯新闻',
 'name': '面目全非！沉船百年后 泰坦尼克号最新水下高清视频曝光',
 'url': 'https://new.qq.com/omn/20190822/20190822V0DSA300.html'}
2019-08-23 00:21:07 [scrapy.core.scraper] DEBUG: Scraped from <200 https://pacaio.match.qq.com/irs/rcd?cid=137&token=d0f13d594edfc180f5bf6b845456f3ea&ext=top&page=1>
{'label': '腾讯新闻',
 'name': '商务部：如美方实施新的加征关税 中方将不得不采取相应反制措施',
 'url': 'https://new.qq.com/omn/20190822/20190822A0NQR600.html'}
2019-08-23 00:21:07 [scrapy.core.scraper] DEBUG: Scraped from <200 https://pacaio.match.qq.com/irs/rcd?cid=137&token=d0f13d594edfc180f5bf6b845456f3ea&ext=top&page=1>
{'label': '腾讯新闻',
 'name': '中国结婚率创近10年来新低，“结不结婚，自己说了算”',
 'url': 'https://new.qq.com/omn/20190822/20190822A09ZVR00.html'}
2019-08-23 00:21:07 [scrapy.core.scraper] DEBUG: Scraped from <200 https://pacaio.match.qq.com/irs/rcd?cid=137&token=d0f13d594edfc180f5bf6b845456f3ea&ext=top&page=1>
{'label': '腾讯新闻',
 'name': '撒泼比正常维权更有效？奔驰女车主代理律师：撒个“优雅泼”更好',
 'url': 'https://new.qq.com/omn/CRI20190/CRI2019082200502900.html'}
2019-08-23 00:21:07 [scrapy.core.scraper] DEBUG: Scraped from <200 https://pacaio.match.qq.com/irs/rcd?cid=137&token=d0f13d594edfc180f5bf6b845456f3ea&ext=top&page=1>
{'label': '腾讯新闻',
 'name': '令人发指！因怀疑是警察，香港暴徒非法禁锢还非礼一名女路人',
 'url': 'https://new.qq.com/omn/20190822/20190822V08KO700.html'}
2019-08-23 00:21:07 [scrapy.core.scraper] DEBUG: Scraped from <200 https://pacaio.match.qq.com/irs/rcd?cid=137&token=d0f13d594edfc180f5bf6b845456f3ea&ext=top&page=1>
{'label': '腾讯新闻',
 'name': '美国撕毁《中导条约》目的终于暴露，剑指中国',
 'url': 'https://new.qq.com/omn/20190822/20190822A0KYKO00.html'}
2019-08-23 00:21:07 [scrapy.core.scraper] DEBUG: Scraped from <200 https://pacaio.match.qq.com/irs/rcd?cid=137&token=d0f13d594edfc180f5bf6b845456f3ea&ext=top&page=1>
{'label': '腾讯新闻',
 'name': '中国游客老挝遇车祸细节：传出焦臭味后翻车，事发路段弯多坡陡',
 'url': 'https://new.qq.com/omn/20190822/20190822A0MWON00.html'}
2019-08-23 00:21:07 [scrapy.dupefilters] DEBUG: Filtered duplicate request: <GET https://pacaio.match.qq.com/irs/rcd?cid=137&token=d0f13d594edfc180f5bf6b845456f3ea&ext=top&page=1> - no more duplicates will be shown (see DUPEFILTER_DEBUG to show all duplicates)
2019-08-23 00:21:07 [scrapy.core.engine] INFO: Closing spider (finished)
2019-08-23 00:21:07 [scrapy.statscollectors] INFO: Dumping Scrapy stats:
{'downloader/request_bytes': 682,
 'downloader/request_count': 2,
 'downloader/request_method_count/GET': 2,
 'downloader/response_bytes': 52171,
 'downloader/response_count': 2,
 'downloader/response_status_count/200': 2,
 'dupefilter/filtered': 1,
 'elapsed_time_seconds': 0.398932,
 'finish_reason': 'finished',
 'finish_time': datetime.datetime(2019, 8, 22, 16, 21, 7, 881801),
 'item_scraped_count': 20,
 'log_count/DEBUG': 23,
 'log_count/INFO': 10,
 'request_depth_max': 2,
 'response_received_count': 2,
 'scheduler/dequeued': 2,
 'scheduler/dequeued/memory': 2,
 'scheduler/enqueued': 2,
 'scheduler/enqueued/memory': 2,
 'start_time': datetime.datetime(2019, 8, 22, 16, 21, 7, 482869)}
2019-08-23 00:21:07 [scrapy.core.engine] INFO: Spider closed (finished)
